{
  "RSpec": {
    "coverage": {
      "/Users/paul/challenges/habitsu-2/habitsu/app/models/user.rb": [
        1,
        null,
        null,
        1,
        null,
        1,
        null,
        1,
        1,
        null,
        1,
        1,
        null,
        1,
        1,
        null,
        1,
        17,
        null,
        null
      ],
      "/Users/paul/challenges/habitsu-2/habitsu/app/helpers/application_helper.rb": [
        1,
        null
      ],
      "/Users/paul/challenges/habitsu-2/habitsu/app/controllers/application_controller.rb": [
        1,
        null,
        null,
        null,
        1,
        1,
        null,
        1,
        null,
        1,
        47,
        null,
        null,
        null
      ],
      "/Users/paul/challenges/habitsu-2/habitsu/app/controllers/users_controller.rb": [
        1,
        1,
        1,
        25,
        17,
        17,
        17,
        17,
        17,
        34,
        17,
        null,
        null,
        8,
        null,
        null,
        null,
        1,
        0,
        null,
        null,
        1,
        24,
        24,
        24,
        24,
        24,
        22,
        null,
        2,
        null,
        null,
        24,
        24,
        null,
        24,
        null,
        24,
        24,
        24,
        null,
        24,
        48,
        24,
        null,
        24,
        null,
        null
      ],
      "/Users/paul/challenges/habitsu-2/habitsu/app/models/dailyscore.rb": [
        1,
        1,
        null
      ],
      "/Users/paul/challenges/habitsu-2/habitsu/app/models/pie_manager.rb": [
        1,
        1,
        17,
        17,
        null,
        null,
        1,
        17,
        null,
        17,
        17,
        17,
        null,
        0,
        0,
        null,
        null,
        17,
        17,
        17,
        null,
        0,
        0,
        null,
        null,
        17,
        17,
        17,
        85,
        85,
        85,
        null,
        0,
        0,
        0,
        null,
        null,
        17,
        17,
        17,
        null,
        17,
        null,
        null,
        null
      ],
      "/Users/paul/challenges/habitsu-2/habitsu/app/models/signup.rb": [
        1,
        1,
        1,
        1,
        1,
        null
      ],
      "/Users/paul/challenges/habitsu-2/habitsu/app/models/plan.rb": [
        1,
        1,
        1,
        1,
        1,
        1,
        null
      ],
      "/Users/paul/challenges/habitsu-2/habitsu/app/models/task.rb": [
        1,
        1,
        1,
        1,
        null
      ],
      "/Users/paul/challenges/habitsu-2/habitsu/app/models/task_manager.rb": [
        1,
        1,
        48,
        48,
        null,
        null,
        1,
        24,
        2,
        2,
        null,
        22,
        null,
        null,
        null,
        1,
        24,
        24,
        4,
        null,
        null,
        null,
        null,
        null
      ],
      "/Users/paul/challenges/habitsu-2/habitsu/app/models/habit_manager.rb": [
        1,
        1,
        24,
        24,
        24,
        null,
        null,
        1,
        24,
        2,
        2,
        2,
        0,
        0,
        0,
        0,
        null,
        0,
        null,
        null,
        2,
        null,
        22,
        22,
        22,
        0,
        0,
        0,
        0,
        null,
        null,
        null,
        24,
        null,
        null,
        1,
        0,
        0,
        0,
        0,
        0,
        0,
        0,
        0,
        0,
        0,
        null,
        0,
        0,
        null,
        null,
        null,
        null
      ],
      "/Users/paul/challenges/habitsu-2/habitsu/app/models/planhabit.rb": [
        1,
        1,
        1,
        1,
        1,
        null
      ],
      "/Users/paul/challenges/habitsu-2/habitsu/app/models/habit.rb": [
        1,
        1,
        1,
        null,
        1,
        1,
        null,
        1,
        null
      ],
      "/Users/paul/challenges/habitsu-2/habitsu/app/models/dailyhabit.rb": [
        1,
        1,
        1,
        1,
        1,
        null,
        1,
        null,
        null,
        null
      ],
      "/Users/paul/challenges/habitsu-2/habitsu/app/models/score_manager.rb": [
        1,
        1,
        48,
        48,
        48,
        null,
        null,
        1,
        24,
        24,
        2,
        null,
        22,
        null,
        24,
        24,
        11,
        null,
        13,
        6,
        null,
        13,
        null,
        24,
        null,
        null,
        null,
        1,
        24,
        24,
        24,
        24,
        168,
        66,
        66,
        66,
        66,
        null,
        102,
        102,
        102,
        null,
        null,
        24,
        null,
        null
      ],
      "/Users/paul/challenges/habitsu-2/habitsu/app/controllers/tasks_controller.rb": [
        1,
        1,
        null,
        1,
        0,
        0,
        null,
        null,
        1,
        0,
        0,
        null,
        null,
        1,
        0,
        0,
        0,
        0,
        0,
        0,
        0,
        null,
        0,
        0,
        null,
        null,
        null,
        1,
        1,
        1,
        1,
        1,
        null,
        null,
        null,
        1,
        2,
        2,
        2,
        2,
        2,
        2,
        null,
        null,
        1,
        1,
        1,
        1,
        1,
        1,
        1,
        null,
        null
      ],
      "/Users/paul/challenges/habitsu-2/habitsu/app/controllers/plans_controller.rb": [
        1,
        1,
        1,
        5,
        null,
        5,
        null,
        null,
        1,
        4,
        4,
        4,
        4,
        null,
        0,
        0,
        null,
        null,
        null,
        1,
        0,
        0,
        0,
        0,
        0,
        null,
        null,
        null,
        null
      ],
      "/Users/paul/challenges/habitsu-2/habitsu/app/controllers/dailyhabits_controller.rb": [
        1,
        1,
        1,
        1,
        3,
        3,
        2,
        2,
        2,
        2,
        2,
        2,
        2,
        2,
        4,
        2,
        null,
        null,
        1,
        1,
        1,
        1,
        1,
        1,
        1,
        null,
        1,
        1,
        2,
        1,
        null,
        null,
        null,
        null,
        null
      ]
    },
    "timestamp": 1430072339
  }
}
