{
  "RSpec": {
    "coverage": {
      "/Users/paul/challenges/habitsu-2/habitsu/app/models/user.rb": [
        1,
        null,
        null,
        1,
        null,
        1,
        null,
        1,
        1,
        null,
        1,
        1,
        null,
        1,
        1,
        null,
        null,
        null,
        1,
        17,
        null,
        null
      ],
      "/Users/paul/challenges/habitsu-2/habitsu/app/helpers/application_helper.rb": [
        1,
        null
      ],
      "/Users/paul/challenges/habitsu-2/habitsu/app/controllers/application_controller.rb": [
        1,
        null,
        null,
        null,
        1,
        1,
        null,
        1,
        null,
        1,
        47,
        null,
        null
      ],
      "/Users/paul/challenges/habitsu-2/habitsu/app/controllers/users_controller.rb": [
        1,
        1,
        1,
        25,
        17,
        17,
        17,
        17,
        17,
        34,
        17,
        null,
        null,
        8,
        null,
        null,
        null,
        1,
        0,
        null,
        null,
        1,
        14,
        14,
        14,
        14,
        12,
        null,
        2,
        null,
        14,
        14,
        14,
        14,
        14,
        14,
        14,
        28,
        14,
        null,
        null,
        null
      ],
      "/Users/paul/challenges/habitsu-2/habitsu/app/models/dailyscore.rb": [
        1,
        1,
        null
      ],
      "/Users/paul/challenges/habitsu-2/habitsu/app/models/pie_manager.rb": [
        null,
        null,
        1,
        1,
        17,
        17,
        null,
        null,
        1,
        17,
        null,
        17,
        17,
        17,
        null,
        0,
        0,
        null,
        0,
        0,
        null,
        null,
        null,
        17,
        17,
        17,
        null,
        0,
        0,
        0,
        null,
        null,
        null,
        17,
        17,
        17,
        85,
        85,
        85,
        null,
        0,
        0,
        0,
        null,
        null,
        17,
        17,
        17,
        null,
        17,
        null,
        null,
        1,
        119,
        null,
        null,
        1,
        85,
        null,
        85,
        null,
        null,
        null,
        null,
        1,
        34,
        34,
        null,
        null,
        null,
        null
      ],
      "/Users/paul/challenges/habitsu-2/habitsu/app/models/signup.rb": [
        1,
        1,
        1,
        1,
        1,
        null
      ],
      "/Users/paul/challenges/habitsu-2/habitsu/app/models/plan.rb": [
        1,
        1,
        1,
        1,
        1,
        1,
        null
      ],
      "/Users/paul/challenges/habitsu-2/habitsu/app/models/task.rb": [
        1,
        1,
        1,
        1,
        null
      ],
      "/Users/paul/challenges/habitsu-2/habitsu/app/models/task_manager.rb": [
        1,
        1,
        28,
        28,
        null,
        null,
        1,
        14,
        2,
        2,
        null,
        12,
        null,
        null,
        null,
        null,
        null,
        1,
        14,
        14,
        4,
        null,
        null,
        null,
        null,
        null
      ],
      "/Users/paul/challenges/habitsu-2/habitsu/app/models/habit_manager.rb": [
        null,
        null,
        1,
        1,
        14,
        14,
        14,
        null,
        null,
        1,
        14,
        2,
        2,
        2,
        0,
        0,
        0,
        0,
        null,
        0,
        null,
        null,
        2,
        null,
        null,
        null,
        null,
        null,
        12,
        12,
        12,
        12,
        null,
        null,
        null,
        null,
        null,
        0,
        null,
        0,
        0,
        null,
        0,
        null,
        null,
        null,
        null,
        null,
        null,
        14,
        null,
        null,
        null,
        null,
        null,
        null,
        1,
        0,
        0,
        0,
        0,
        0,
        null,
        0,
        0,
        0,
        0,
        0,
        0,
        null,
        null,
        null,
        null,
        null,
        null,
        null,
        1,
        null,
        null,
        null,
        0,
        null,
        null,
        null,
        null,
        1,
        2,
        null,
        null,
        1,
        0,
        null,
        null,
        null,
        null,
        null,
        null,
        null,
        null,
        null,
        null
      ],
      "/Users/paul/challenges/habitsu-2/habitsu/app/models/planhabit.rb": [
        1,
        1,
        1,
        1,
        1,
        null
      ],
      "/Users/paul/challenges/habitsu-2/habitsu/app/models/habit.rb": [
        1,
        1,
        1,
        null,
        1,
        1,
        null,
        1,
        null
      ],
      "/Users/paul/challenges/habitsu-2/habitsu/app/models/dailyhabit.rb": [
        1,
        1,
        1,
        1,
        1,
        null,
        1,
        null,
        null,
        null
      ],
      "/Users/paul/challenges/habitsu-2/habitsu/app/models/score_manager.rb": [
        null,
        null,
        null,
        1,
        1,
        28,
        28,
        28,
        null,
        null,
        1,
        14,
        14,
        2,
        null,
        12,
        null,
        14,
        14,
        7,
        null,
        null,
        null,
        7,
        0,
        null,
        null,
        null,
        null,
        7,
        null,
        null,
        null,
        14,
        null,
        null,
        null,
        1,
        14,
        14,
        14,
        14,
        14,
        98,
        98,
        42,
        null,
        null,
        null,
        42,
        42,
        42,
        null,
        56,
        56,
        56,
        null,
        null,
        14,
        null,
        null,
        1,
        null,
        28,
        28,
        null,
        null,
        1,
        null,
        154,
        154,
        null,
        null
      ],
      "/Users/paul/challenges/habitsu-2/habitsu/app/controllers/tasks_controller.rb": [
        1,
        1,
        null,
        1,
        0,
        0,
        null,
        null,
        1,
        0,
        0,
        null,
        null,
        1,
        0,
        0,
        0,
        0,
        0,
        0,
        0,
        null,
        0,
        0,
        null,
        null,
        null,
        1,
        1,
        1,
        1,
        1,
        null,
        null,
        null,
        1,
        2,
        2,
        2,
        2,
        2,
        2,
        null,
        null,
        1,
        1,
        1,
        1,
        1,
        1,
        1,
        null,
        null
      ],
      "/Users/paul/challenges/habitsu-2/habitsu/app/controllers/plans_controller.rb": [
        1,
        1,
        1,
        5,
        5,
        null,
        null,
        1,
        0,
        0,
        0,
        0,
        null,
        0,
        0,
        null,
        null,
        null,
        1,
        0,
        0,
        0,
        0,
        0,
        null,
        null,
        1,
        0,
        0,
        null,
        null,
        1,
        0,
        0,
        0,
        0,
        0,
        null,
        null,
        1,
        0,
        0,
        0,
        0,
        null,
        0,
        null,
        null,
        null,
        null
      ]
    },
    "timestamp": 1432412508
  }
}
